<?xml version="1.0" encoding="UTF-8"?>
<!-- Generated by org.testng.reporters.JUnitXMLReporter -->
<testsuite ignored="7" hostname="LAPTOP-02J3V1KL" failures="0" tests="2" name="Default test" time="17.584" errors="0" timestamp="2023-06-10T07:08:52 IST">
  <testcase classname="seleniumcommands.DemoWebShop" name="TC_006_verifyLoginWithValidData" time="8.767"/>
  <testcase classname="seleniumcommands.DemoWebShop" name="TC_006_verifyLoginWithValidData" time="4.393"/>
  <testcase classname="seleniumcommands.DemoWebShop" name="TC_001_verifyObsquraTitle" time="0.0">
    <ignored/>
  </testcase> <!-- TC_001_verifyObsquraTitle -->
  <testcase classname="seleniumcommands.DemoWebShop" name="TC_007_verifyRegsitrationUsingRandomGenerator" time="0.0">
    <ignored/>
  </testcase> <!-- TC_007_verifyRegsitrationUsingRandomGenerator -->
  <testcase classname="seleniumcommands.DemoWebShop" name="TC_004_verifyTitleFromExcelSheet" time="0.0">
    <ignored/>
  </testcase> <!-- TC_004_verifyTitleFromExcelSheet -->
  <testcase classname="seleniumcommands.DemoWebShop" name="TC_002_verifyLogin" time="0.0">
    <ignored/>
  </testcase> <!-- TC_002_verifyLogin -->
  <testcase classname="seleniumcommands.DemoWebShop" name="TC_003_verifyRegistration" time="0.0">
    <ignored/>
  </testcase> <!-- TC_003_verifyRegistration -->
  <testcase classname="seleniumcommands.DemoWebShop" name="Tc_005_verifyRegistrationFromExcelSheet" time="0.0">
    <ignored/>
  </testcase> <!-- Tc_005_verifyRegistrationFromExcelSheet -->
  <testcase classname="seleniumcommands.DemoWebShop" name="TC_006_verifyLoginWithInvalidData" time="0.0">
    <ignored/>
  </testcase> <!-- TC_006_verifyLoginWithInvalidData -->
</testsuite> <!-- Default test -->
