<?xml version="1.0" encoding="UTF-8"?>
<!-- Generated by org.testng.reporters.JUnitXMLReporter -->
<testsuite ignored="9" hostname="LAPTOP-02J3V1KL" failures="0" tests="1" name="Chrome Test" time="5.363" errors="0" timestamp="2023-06-14T07:19:57 IST">
  <testcase classname="seleniumcommands.DemoWebShop" name="TC_010_verifyLoginWithInvalidParameters" time="1.183"/>
  <testcase classname="seleniumcommands.DemoWebShop" name="TC_004_verifyTitleFromExcelSheet" time="0.0">
    <ignored/>
  </testcase> <!-- TC_004_verifyTitleFromExcelSheet -->
  <testcase classname="seleniumcommands.DemoWebShop" name="TC_009_verifyLoginWithParameters" time="0.0">
    <ignored/>
  </testcase> <!-- TC_009_verifyLoginWithParameters -->
  <testcase classname="seleniumcommands.DemoWebShop" name="TC_002_verifyLogin" time="0.0">
    <ignored/>
  </testcase> <!-- TC_002_verifyLogin -->
  <testcase classname="seleniumcommands.DemoWebShop" name="TC_005_verifyRegistrationFromExcelSheet" time="0.0">
    <ignored/>
  </testcase> <!-- TC_005_verifyRegistrationFromExcelSheet -->
  <testcase classname="seleniumcommands.DemoWebShop" name="TC_007_verifyRegsitrationUsingRandomGenerator" time="0.0">
    <ignored/>
  </testcase> <!-- TC_007_verifyRegsitrationUsingRandomGenerator -->
  <testcase classname="seleniumcommands.DemoWebShop" name="TC_003_verifyRegistration" time="0.0">
    <ignored/>
  </testcase> <!-- TC_003_verifyRegistration -->
  <testcase classname="seleniumcommands.DemoWebShop" name="TC_006_verifyLoginWithInvalidData" time="0.0">
    <ignored/>
  </testcase> <!-- TC_006_verifyLoginWithInvalidData -->
  <testcase classname="seleniumcommands.DemoWebShop" name="TC_008_verifyLoginWithValidData" time="0.0">
    <ignored/>
  </testcase> <!-- TC_008_verifyLoginWithValidData -->
  <testcase classname="seleniumcommands.DemoWebShop" name="TC_001_verifyObsquraTitle" time="0.0">
    <ignored/>
  </testcase> <!-- TC_001_verifyObsquraTitle -->
</testsuite> <!-- Chrome Test -->
