<?xml version="1.0" encoding="UTF-8"?>
<!-- Generated by org.testng.reporters.JUnitXMLReporter -->
<testsuite ignored="4" hostname="LAPTOP-02J3V1KL" failures="0" tests="9" name="Firefox Test" time="98.63" errors="0" timestamp="2023-06-14T08:18:30 IST">
  <testcase classname="seleniumcommands.DemoWebShop" name="TC_001_verifyObsquraTitle" time="2.367"/>
  <testcase classname="seleniumcommands.DemoWebShop" name="TC_002_verifyLogin" time="1.342"/>
  <testcase classname="seleniumcommands.DemoWebShop" name="TC_004_verifyTitleFromExcelSheet" time="1.05"/>
  <testcase classname="seleniumcommands.DemoWebShop" name="TC_006_verifyLoginWithInvalidData" time="1.106"/>
  <testcase classname="seleniumcommands.DemoWebShop" name="TC_006_verifyLoginWithInvalidData" time="1.184"/>
  <testcase classname="seleniumcommands.DemoWebShop" name="TC_006_verifyLoginWithInvalidData" time="1.636"/>
  <testcase classname="seleniumcommands.DemoWebShop" name="TC_007_verifyRegsitrationUsingRandomGenerator" time="4.652"/>
  <testcase classname="seleniumcommands.DemoWebShop" name="TC_008_verifyLoginWithValidData" time="2.541"/>
  <testcase classname="seleniumcommands.DemoWebShop" name="TC_008_verifyLoginWithValidData" time="3.719"/>
  <testcase classname="seleniumcommands.DemoWebShop" name="TC_003_verifyRegistration" time="0.0">
    <ignored/>
  </testcase> <!-- TC_003_verifyRegistration -->
  <testcase classname="seleniumcommands.DemoWebShop" name="TC_005_verifyRegistrationFromExcelSheet" time="0.0">
    <ignored/>
  </testcase> <!-- TC_005_verifyRegistrationFromExcelSheet -->
  <testcase classname="seleniumcommands.DemoWebShop" name="TC_010_verifyLoginWithInvalidParameters" time="0.0">
    <ignored/>
  </testcase> <!-- TC_010_verifyLoginWithInvalidParameters -->
  <testcase classname="seleniumcommands.DemoWebShop" name="TC_009_verifyLoginWithParameters" time="0.0">
    <ignored/>
  </testcase> <!-- TC_009_verifyLoginWithParameters -->
</testsuite> <!-- Firefox Test -->
