<?xml version="1.0" encoding="UTF-8"?>
<testng-results ignored="7" total="9" passed="2" failed="0" skipped="0">
  <reporter-output>
  </reporter-output>
  <suite started-at="2023-06-10T07:08:35 IST" name="Default suite" finished-at="2023-06-10T07:08:52 IST" duration-ms="17584">
    <groups>
    </groups>
    <test started-at="2023-06-10T07:08:35 IST" name="Default test" finished-at="2023-06-10T07:08:52 IST" duration-ms="17584">
      <class name="seleniumcommands.DemoWebShop">
        <test-method is-config="true" signature="setup()[pri:0, instance:seleniumcommands.DemoWebShop@18078bef]" started-at="2023-06-10T07:08:35 IST" name="setup" finished-at="2023-06-10T07:08:38 IST" duration-ms="3167" status="PASS">
          <reporter-output>
          </reporter-output>
        </test-method> <!-- setup -->
        <test-method signature="TC_006_verifyLoginWithValidData(java.lang.String,java.lang.String)[pri:0, instance:seleniumcommands.DemoWebShop@18078bef]" started-at="2023-06-10T07:08:38 IST" name="TC_006_verifyLoginWithValidData" data-provider="ValidCredentials" finished-at="2023-06-10T07:08:47 IST" duration-ms="8767" status="PASS">
          <params>
            <param index="0">
              <value>
                <![CDATA[j.doe3@gmail.com]]>
              </value>
            </param>
            <param index="1">
              <value>
                <![CDATA[sdoepw]]>
              </value>
            </param>
          </params>
          <reporter-output>
          </reporter-output>
        </test-method> <!-- TC_006_verifyLoginWithValidData -->
        <test-method is-config="true" signature="tearDown(org.testng.ITestResult)[pri:0, instance:seleniumcommands.DemoWebShop@18078bef]" started-at="2023-06-10T07:08:47 IST" name="tearDown" finished-at="2023-06-10T07:08:47 IST" duration-ms="2" status="PASS">
          <params>
            <param index="0">
              <value>
                <![CDATA[[TestResult name=TC_006_verifyLoginWithValidData status=SUCCESS method=DemoWebShop.TC_006_verifyLoginWithValidData(java.lang.String,java.lang.String)[pri:0, instance:seleniumcommands.DemoWebShop@18078bef] output={null}]]]>
              </value>
            </param>
          </params>
          <reporter-output>
          </reporter-output>
        </test-method> <!-- tearDown -->
        <test-method is-config="true" signature="setup()[pri:0, instance:seleniumcommands.DemoWebShop@18078bef]" started-at="2023-06-10T07:08:47 IST" name="setup" finished-at="2023-06-10T07:08:48 IST" duration-ms="1184" status="PASS">
          <reporter-output>
          </reporter-output>
        </test-method> <!-- setup -->
        <test-method signature="TC_006_verifyLoginWithValidData(java.lang.String,java.lang.String)[pri:0, instance:seleniumcommands.DemoWebShop@18078bef]" started-at="2023-06-10T07:08:48 IST" name="TC_006_verifyLoginWithValidData" data-provider="ValidCredentials" finished-at="2023-06-10T07:08:52 IST" duration-ms="4393" status="PASS">
          <params>
            <param index="0">
              <value>
                <![CDATA[s.j@gmail.com]]>
              </value>
            </param>
            <param index="1">
              <value>
                <![CDATA[qwerty]]>
              </value>
            </param>
          </params>
          <reporter-output>
          </reporter-output>
        </test-method> <!-- TC_006_verifyLoginWithValidData -->
        <test-method is-config="true" signature="tearDown(org.testng.ITestResult)[pri:0, instance:seleniumcommands.DemoWebShop@18078bef]" started-at="2023-06-10T07:08:52 IST" name="tearDown" finished-at="2023-06-10T07:08:52 IST" duration-ms="1" status="PASS">
          <params>
            <param index="0">
              <value>
                <![CDATA[[TestResult name=TC_006_verifyLoginWithValidData status=SUCCESS method=DemoWebShop.TC_006_verifyLoginWithValidData(java.lang.String,java.lang.String)[pri:0, instance:seleniumcommands.DemoWebShop@18078bef] output={null}]]]>
              </value>
            </param>
          </params>
          <reporter-output>
          </reporter-output>
        </test-method> <!-- tearDown -->
      </class> <!-- seleniumcommands.DemoWebShop -->
    </test> <!-- Default test -->
  </suite> <!-- Default suite -->
</testng-results>
