<?xml version="1.0" encoding="UTF-8"?>
<testng-results ignored="18" total="20" passed="2" failed="0" skipped="0">
  <reporter-output>
  </reporter-output>
  <suite started-at="2023-06-15T07:14:31 IST" name="Parallel Testing" finished-at="2023-06-15T07:14:46 IST" duration-ms="14803">
    <groups>
      <group name="Sanity">
        <method signature="DemoWebShop.TC_002_verifyLogin()[pri:1, instance:seleniumcommands.DemoWebShop@6302bbb1]" name="TC_002_verifyLogin" class="seleniumcommands.DemoWebShop"/>
        <method signature="DemoWebShop.TC_007_verifyRegsitrationUsingRandomGenerator()[pri:3, instance:seleniumcommands.DemoWebShop@477b4cdf]" name="TC_007_verifyRegsitrationUsingRandomGenerator" class="seleniumcommands.DemoWebShop"/>
      </group> <!-- Sanity -->
    </groups>
    <test started-at="2023-06-15T07:14:31 IST" name="Chrome Test" finished-at="2023-06-15T07:14:45 IST" duration-ms="13402">
      <class name="seleniumcommands.DemoWebShop">
        <test-method is-config="true" signature="setup(java.lang.String,java.lang.String)[pri:0, instance:seleniumcommands.DemoWebShop@477b4cdf]" started-at="2023-06-15T07:14:31 IST" name="setup" finished-at="2023-06-15T07:14:42 IST" duration-ms="11050" status="PASS">
          <params>
            <param index="0">
              <value>
                <![CDATA[Chrome]]>
              </value>
            </param>
            <param index="1">
              <value>
                <![CDATA[https://demowebshop.tricentis.com/]]>
              </value>
            </param>
          </params>
          <reporter-output>
          </reporter-output>
        </test-method> <!-- setup -->
        <test-method signature="TC_007_verifyRegsitrationUsingRandomGenerator()[pri:3, instance:seleniumcommands.DemoWebShop@477b4cdf]" started-at="2023-06-15T07:14:42 IST" name="TC_007_verifyRegsitrationUsingRandomGenerator" description="Verify registration with random generator" finished-at="2023-06-15T07:14:45 IST" duration-ms="2286" status="PASS">
          <reporter-output>
          </reporter-output>
        </test-method> <!-- TC_007_verifyRegsitrationUsingRandomGenerator -->
        <test-method is-config="true" signature="tearDown(org.testng.ITestResult)[pri:0, instance:seleniumcommands.DemoWebShop@477b4cdf]" started-at="2023-06-15T07:14:45 IST" name="tearDown" finished-at="2023-06-15T07:14:45 IST" duration-ms="0" status="PASS">
          <params>
            <param index="0">
              <value>
                <![CDATA[[TestResult name=TC_007_verifyRegsitrationUsingRandomGenerator status=SUCCESS method=DemoWebShop.TC_007_verifyRegsitrationUsingRandomGenerator()[pri:3, instance:seleniumcommands.DemoWebShop@477b4cdf] output={null}]]]>
              </value>
            </param>
          </params>
          <reporter-output>
          </reporter-output>
        </test-method> <!-- tearDown -->
      </class> <!-- seleniumcommands.DemoWebShop -->
    </test> <!-- Chrome Test -->
    <test started-at="2023-06-15T07:14:31 IST" name="Firefox Test" finished-at="2023-06-15T07:14:46 IST" duration-ms="14803">
      <class name="seleniumcommands.DemoWebShop">
        <test-method is-config="true" signature="setup(java.lang.String,java.lang.String)[pri:0, instance:seleniumcommands.DemoWebShop@6302bbb1]" started-at="2023-06-15T07:14:31 IST" name="setup" finished-at="2023-06-15T07:14:45 IST" duration-ms="13236" status="PASS">
          <params>
            <param index="0">
              <value>
                <![CDATA[Firefox]]>
              </value>
            </param>
            <param index="1">
              <value>
                <![CDATA[https://demowebshop.tricentis.com/]]>
              </value>
            </param>
          </params>
          <reporter-output>
          </reporter-output>
        </test-method> <!-- setup -->
        <test-method signature="TC_002_verifyLogin()[pri:1, instance:seleniumcommands.DemoWebShop@6302bbb1]" started-at="2023-06-15T07:14:45 IST" name="TC_002_verifyLogin" description="Verify login for Obsqura application" finished-at="2023-06-15T07:14:46 IST" duration-ms="1517" status="PASS">
          <reporter-output>
          </reporter-output>
        </test-method> <!-- TC_002_verifyLogin -->
        <test-method is-config="true" signature="tearDown(org.testng.ITestResult)[pri:0, instance:seleniumcommands.DemoWebShop@6302bbb1]" started-at="2023-06-15T07:14:46 IST" name="tearDown" finished-at="2023-06-15T07:14:46 IST" duration-ms="0" status="PASS">
          <params>
            <param index="0">
              <value>
                <![CDATA[[TestResult name=TC_002_verifyLogin status=SUCCESS method=DemoWebShop.TC_002_verifyLogin()[pri:1, instance:seleniumcommands.DemoWebShop@6302bbb1] output={null}]]]>
              </value>
            </param>
          </params>
          <reporter-output>
          </reporter-output>
        </test-method> <!-- tearDown -->
      </class> <!-- seleniumcommands.DemoWebShop -->
    </test> <!-- Firefox Test -->
  </suite> <!-- Parallel Testing -->
</testng-results>
